[2018-03-07 11:19:04,699/CST][main][ERROR]Can not output merged.log4j.properties,because can not write to directory of file file:/D:/java/mavenrepos/org/apache/servicecomb/transport-rest-vertx/0.5.0.B019/transport-rest-vertx-0.5.0.B019.jar!/config/base/log4j.properties org.apache.servicecomb.foundation.common.utils.Log4jUtils.outputFile(Log4jUtils.java:95)
[2018-03-07 11:19:04,848/CST][main][INFO]Refreshing org.springframework.context.support.ClassPathXmlApplicationContext@47f6473: startup date [Wed Mar 07 11:19:04 CST 2018]; root of context hierarchy org.springframework.context.support.AbstractApplicationContext.prepareRefresh(AbstractApplicationContext.java:582)
[2018-03-07 11:19:05,150/CST][main][INFO]Loading XML bean definitions from URL [jar:file:/D:/java/mavenrepos/com/huawei/paas/cse/foundation-auth/2.3.8/foundation-auth-2.3.8.jar!/META-INF/spring/auth.bean.xml] org.springframework.beans.factory.xml.XmlBeanDefinitionReader.loadBeanDefinitions(XmlBeanDefinitionReader.java:317)
[2018-03-07 11:19:05,652/CST][main][INFO]Loading XML bean definitions from URL [jar:file:/D:/java/mavenrepos/org/apache/servicecomb/foundation-common/0.5.0.B019/foundation-common-0.5.0.B019.jar!/META-INF/spring/common.bean.xml] org.springframework.beans.factory.xml.XmlBeanDefinitionReader.loadBeanDefinitions(XmlBeanDefinitionReader.java:317)
[2018-03-07 11:19:05,759/CST][main][INFO]Loading XML bean definitions from URL [jar:file:/D:/java/mavenrepos/org/apache/servicecomb/foundation-config/0.5.0.B019/foundation-config-0.5.0.B019.jar!/META-INF/spring/cse.bean.xml] org.springframework.beans.factory.xml.XmlBeanDefinitionReader.loadBeanDefinitions(XmlBeanDefinitionReader.java:317)
[2018-03-07 11:19:05,947/CST][main][INFO]Loading XML bean definitions from URL [jar:file:/D:/java/mavenrepos/org/apache/servicecomb/foundation-vertx/0.5.0.B019/foundation-vertx-0.5.0.B019.jar!/META-INF/spring/cse.bean.xml] org.springframework.beans.factory.xml.XmlBeanDefinitionReader.loadBeanDefinitions(XmlBeanDefinitionReader.java:317)
[2018-03-07 11:19:06,121/CST][main][INFO]Loading XML bean definitions from URL [jar:file:/D:/java/mavenrepos/org/apache/servicecomb/java-chassis-core/0.5.0.B019/java-chassis-core-0.5.0.B019.jar!/META-INF/spring/cse.bean.xml] org.springframework.beans.factory.xml.XmlBeanDefinitionReader.loadBeanDefinitions(XmlBeanDefinitionReader.java:317)
[2018-03-07 11:19:09,172/CST][main][INFO]Loading XML bean definitions from URL [jar:file:/D:/java/mavenrepos/org/apache/servicecomb/foundation-metrics/0.5.0.B019/foundation-metrics-0.5.0.B019.jar!/META-INF/spring/metrics.bean.xml] org.springframework.beans.factory.xml.XmlBeanDefinitionReader.loadBeanDefinitions(XmlBeanDefinitionReader.java:317)
[2018-03-07 11:19:09,201/CST][main][INFO]Loading XML bean definitions from URL [jar:file:/D:/java/mavenrepos/org/apache/servicecomb/transport-rest-client/0.5.0.B019/transport-rest-client-0.5.0.B019.jar!/META-INF/spring/cse.transport.rest.bean.xml] org.springframework.beans.factory.xml.XmlBeanDefinitionReader.loadBeanDefinitions(XmlBeanDefinitionReader.java:317)
[2018-03-07 11:19:09,283/CST][main][INFO]Loading XML bean definitions from URL [jar:file:/D:/java/mavenrepos/org/apache/servicecomb/handler-bizkeeper/0.5.0.B019/handler-bizkeeper-0.5.0.B019.jar!/META-INF/spring/cse.bean.xml] org.springframework.beans.factory.xml.XmlBeanDefinitionReader.loadBeanDefinitions(XmlBeanDefinitionReader.java:317)
[2018-03-07 11:19:09,450/CST][main][INFO]Loading XML bean definitions from URL [jar:file:/D:/java/mavenrepos/org/apache/servicecomb/handler-loadbalance/0.5.0.B019/handler-loadbalance-0.5.0.B019.jar!/META-INF/spring/cse.bean.xml] org.springframework.beans.factory.xml.XmlBeanDefinitionReader.loadBeanDefinitions(XmlBeanDefinitionReader.java:317)
[2018-03-07 11:19:09,518/CST][main][INFO]Loading XML bean definitions from URL [jar:file:/D:/java/mavenrepos/com/huawei/paas/cse/cse-handler-cloud-extension/2.3.8/cse-handler-cloud-extension-2.3.8.jar!/META-INF/spring/services.bean.xml] org.springframework.beans.factory.xml.XmlBeanDefinitionReader.loadBeanDefinitions(XmlBeanDefinitionReader.java:317)
[2018-03-07 11:19:09,553/CST][main][INFO]Loading XML bean definitions from URL [jar:file:/D:/java/mavenrepos/com/huawei/paas/cse/cse-handler-tcc/2.3.8/cse-handler-tcc-2.3.8.jar!/META-INF/spring/cse.tcc.bean.xml] org.springframework.beans.factory.xml.XmlBeanDefinitionReader.loadBeanDefinitions(XmlBeanDefinitionReader.java:317)
[2018-03-07 11:19:11,497/CST][main][WARN]No URLs will be polled as dynamic configuration sources. com.netflix.config.sources.URLConfigurationSource.<init>(URLConfigurationSource.java:121)
[2018-03-07 11:19:11,504/CST][main][INFO]To enable URLs as dynamic configuration sources, define System property archaius.configurationSource.additionalUrls or make config.properties available on classpath. com.netflix.config.sources.URLConfigurationSource.<init>(URLConfigurationSource.java:122)
[2018-03-07 11:19:11,513/CST][main][INFO]create dynamic config: org.apache.servicecomb.config.ConfigUtil.createDynamicConfig(ConfigUtil.java:171)
[2018-03-07 11:19:11,695/CST][main][INFO]create local config: org.apache.servicecomb.config.ConfigUtil.createLocalConfig(ConfigUtil.java:89)
[2018-03-07 11:19:11,696/CST][main][INFO] jar:file:/D:/java/mavenrepos/com/huawei/paas/cse/cse-solution-service-engine/2.3.8/cse-solution-service-engine-2.3.8.jar!/microservice.yaml. org.apache.servicecomb.config.ConfigUtil.createLocalConfig(ConfigUtil.java:91)
[2018-03-07 11:19:11,697/CST][main][INFO] file:/C:/Users/bear/Documents/DevProject/JAVA/secondapp/target/classes/microservice.yaml. org.apache.servicecomb.config.ConfigUtil.createLocalConfig(ConfigUtil.java:91)
[2018-03-07 11:19:11,812/CST][main][INFO]get the SPI service success, the extend service is: class org.apache.servicecomb.config.archaius.sources.ConfigCenterConfigurationSourceImpl org.apache.servicecomb.foundation.common.utils.SPIServiceUtils.getTargetService(SPIServiceUtils.java:51)
[2018-03-07 11:19:16,608/CST][config-center-vert.x-eventloop-thread-0][INFO]add network interface name:wlan4,host address:192.168.43.238 org.apache.servicecomb.foundation.common.net.NetUtils.doGetIpv4AddressFromNetworkInterface(NetUtils.java:114)
[2018-03-07 11:19:17,046/CST][config-center-vert.x-eventloop-thread-0][INFO]add host name from localhost:bearsurface,host address:192.168.43.238 org.apache.servicecomb.foundation.common.net.NetUtils.<clinit>(NetUtils.java:72)
[2018-03-07 11:19:17,099/CST][main][INFO]JSR-330 'javax.inject.Inject' annotation found and supported for autowiring org.springframework.beans.factory.annotation.AutowiredAnnotationBeanPostProcessor.<init>(AutowiredAnnotationBeanPostProcessor.java:155)
[2018-03-07 11:19:17,301/CST][config-center-vert.x-eventloop-thread-0][INFO]add ak/sk cipher default com.huawei.paas.foundation.auth.credentials.AKSKManager.lambda$static$0(AKSKManager.java:41)
[2018-03-07 11:19:17,355/CST][config-center-vert.x-eventloop-thread-0][INFO]add ak/sk cipher security com.huawei.paas.foundation.auth.credentials.AKSKManager.lambda$static$0(AKSKManager.java:41)
[2018-03-07 11:19:17,363/CST][config-center-vert.x-eventloop-thread-0][INFO]read ak/sk from microservice.yaml. com.huawei.paas.foundation.auth.credentials.AKSKOption.buildFromYaml(AKSKOption.java:153)
[2018-03-07 11:19:17,997/CST][vertx-blocked-thread-checker][WARN]Thread Thread[config-center-vert.x-eventloop-thread-0,5,main] has been blocked for 2136 ms, time limit is 2000 io.vertx.core.impl.BlockedThreadChecker$1.run(BlockedThreadChecker.java:53)
[2018-03-07 11:19:19,152/CST][vertx-blocked-thread-checker][WARN]Thread Thread[config-center-vert.x-eventloop-thread-0,5,main] has been blocked for 3291 ms, time limit is 2000 io.vertx.core.impl.BlockedThreadChecker$1.run(BlockedThreadChecker.java:53)
[2018-03-07 11:19:20,191/CST][vertx-blocked-thread-checker][WARN]Thread Thread[config-center-vert.x-eventloop-thread-0,5,main] has been blocked for 4330 ms, time limit is 2000 io.vertx.core.impl.BlockedThreadChecker$1.run(BlockedThreadChecker.java:53)
[2018-03-07 11:19:22,056/CST][vertx-blocked-thread-checker][WARN]Thread Thread[config-center-vert.x-eventloop-thread-0,5,main] has been blocked for 5799 ms, time limit is 2000 io.vertx.core.impl.BlockedThreadChecker$1.run(BlockedThreadChecker.java:57)
io.vertx.core.VertxException: Thread blocked
	at java.util.zip.ZipFile.getEntry(Native Method)
	at java.util.zip.ZipFile.getEntry(ZipFile.java:310)
	at java.util.jar.JarFile.getEntry(JarFile.java:240)
	at java.util.jar.JarFile.getJarEntry(JarFile.java:223)
	at sun.misc.URLClassPath$JarLoader.getResource(URLClassPath.java:1005)
	at sun.misc.URLClassPath.getResource(URLClassPath.java:212)
	at java.net.URLClassLoader$1.run(URLClassLoader.java:365)
	at java.net.URLClassLoader$1.run(URLClassLoader.java:362)
	at java.security.AccessController.doPrivileged(Native Method)
	at java.net.URLClassLoader.findClass(URLClassLoader.java:361)
	at java.lang.ClassLoader.loadClass(ClassLoader.java:424)
	at sun.misc.Launcher$AppClassLoader.loadClass(Launcher.java:331)
	at java.lang.ClassLoader.loadClass(ClassLoader.java:357)
	at io.vertx.core.impl.resolver.DnsResolverProvider$1.newResolver(DnsResolverProvider.java:134)
	at io.netty.resolver.AddressResolverGroup.getResolver(AddressResolverGroup.java:69)
	at io.netty.bootstrap.Bootstrap.doResolveAndConnect0(Bootstrap.java:200)
	at io.netty.bootstrap.Bootstrap.doResolveAndConnect(Bootstrap.java:170)
	at io.netty.bootstrap.Bootstrap.connect(Bootstrap.java:145)
	at io.vertx.core.net.impl.ChannelProvider.connect(ChannelProvider.java:38)
	at io.vertx.core.http.impl.ConnectionManager$ChannelConnector.connect(ConnectionManager.java:537)
	at io.vertx.core.http.impl.ConnectionManager$ConnQueue.createNewConnection(ConnectionManager.java:294)
	at io.vertx.core.http.impl.ConnectionManager$ConnQueue.getConnection(ConnectionManager.java:237)
	at io.vertx.core.http.impl.ConnectionManager.getConnectionForRequest(ConnectionManager.java:171)
	at io.vertx.core.http.impl.HttpClientImpl.getConnectionForRequest(HttpClientImpl.java:950)
	at io.vertx.core.http.impl.HttpClientRequestImpl.connect(HttpClientRequestImpl.java:745)
	at io.vertx.core.http.impl.HttpClientRequestImpl.write(HttpClientRequestImpl.java:867)
	at io.vertx.core.http.impl.HttpClientRequestImpl.end(HttpClientRequestImpl.java:358)
	at org.apache.servicecomb.config.client.ConfigCenterClient$ConfigRefresh.lambda$refreshConfig$13(ConfigCenterClient.java:354)
	at org.apache.servicecomb.config.client.ConfigCenterClient$ConfigRefresh$$Lambda$23/354133441.run(Unknown Source)
	at org.apache.servicecomb.foundation.vertx.client.http.HttpClientWithContext.lambda$runOnContext$0(HttpClientWithContext.java:43)
	at org.apache.servicecomb.foundation.vertx.client.http.HttpClientWithContext$$Lambda$24/1155169533.handle(Unknown Source)
	at io.vertx.core.impl.ContextImpl.lambda$wrapTask$2(ContextImpl.java:344)
	at io.vertx.core.impl.ContextImpl$$Lambda$18/1286771084.run(Unknown Source)
	at io.netty.util.concurrent.AbstractEventExecutor.safeExecute(AbstractEventExecutor.java:163)
	at io.netty.util.concurrent.SingleThreadEventExecutor.runAllTasks(SingleThreadEventExecutor.java:403)
	at io.netty.channel.nio.NioEventLoop.run(NioEventLoop.java:463)
	at io.netty.util.concurrent.SingleThreadEventExecutor$5.run(SingleThreadEventExecutor.java:858)
	at java.lang.Thread.run(Thread.java:745)
[2018-03-07 11:19:23,165/CST][main][INFO]Found swagger generator context: org.apache.servicecomb.swagger.generator.springmvc.SpringmvcSwaggerGeneratorContext org.apache.servicecomb.swagger.generator.core.CompositeSwaggerGeneratorContext.<init>(CompositeSwaggerGeneratorContext.java:39)
[2018-03-07 11:19:23,167/CST][main][INFO]Found swagger generator context: org.apache.servicecomb.swagger.generator.jaxrs.JaxrsSwaggerGeneratorContext org.apache.servicecomb.swagger.generator.core.CompositeSwaggerGeneratorContext.<init>(CompositeSwaggerGeneratorContext.java:39)
[2018-03-07 11:19:23,168/CST][main][INFO]Found swagger generator context: org.apache.servicecomb.swagger.generator.pojo.PojoSwaggerGeneratorContext org.apache.servicecomb.swagger.generator.core.CompositeSwaggerGeneratorContext.<init>(CompositeSwaggerGeneratorContext.java:39)
[2018-03-07 11:19:23,434/CST][main][INFO]found factory org.apache.servicecomb.swagger.invocation.response.producer.CseResponseProducerResponseMapperFactory of org.apache.servicecomb.swagger.invocation.response.producer.ProducerResponseMapperFactory: org.apache.servicecomb.swagger.invocation.response.ResponseMapperFactorys.lambda$new$0(ResponseMapperFactorys.java:41)
[2018-03-07 11:19:23,436/CST][main][INFO]found factory org.apache.servicecomb.swagger.invocation.response.producer.CompletableFutureProducerResponseMapperFactory of org.apache.servicecomb.swagger.invocation.response.producer.ProducerResponseMapperFactory: org.apache.servicecomb.swagger.invocation.response.ResponseMapperFactorys.lambda$new$0(ResponseMapperFactorys.java:41)
[2018-03-07 11:19:23,438/CST][main][INFO]found factory org.apache.servicecomb.swagger.invocation.springmvc.response.SpringmvcProducerResponseMapperFactory of org.apache.servicecomb.swagger.invocation.response.producer.ProducerResponseMapperFactory: org.apache.servicecomb.swagger.invocation.response.ResponseMapperFactorys.lambda$new$0(ResponseMapperFactorys.java:41)
[2018-03-07 11:19:23,439/CST][main][INFO]found factory org.apache.servicecomb.swagger.invocation.jaxrs.response.JaxrsProducerResponseMapperFactory of org.apache.servicecomb.swagger.invocation.response.producer.ProducerResponseMapperFactory: org.apache.servicecomb.swagger.invocation.response.ResponseMapperFactorys.lambda$new$0(ResponseMapperFactorys.java:41)
[2018-03-07 11:19:23,440/CST][main][INFO]found factory org.apache.servicecomb.swagger.invocation.response.producer.DefaultProducerResponseMapperFactory of org.apache.servicecomb.swagger.invocation.response.producer.ProducerResponseMapperFactory: org.apache.servicecomb.swagger.invocation.response.ResponseMapperFactorys.lambda$new$0(ResponseMapperFactorys.java:41)
[2018-03-07 11:19:23,457/CST][main][INFO]found factory org.apache.servicecomb.swagger.invocation.response.consumer.CseResponseConsumerResponseMapperFactory of org.apache.servicecomb.swagger.invocation.response.consumer.ConsumerResponseMapperFactory: org.apache.servicecomb.swagger.invocation.response.ResponseMapperFactorys.lambda$new$0(ResponseMapperFactorys.java:41)
[2018-03-07 11:19:23,458/CST][main][INFO]found factory org.apache.servicecomb.swagger.invocation.response.consumer.CompletableFutureConsumerResponseMapperFactory of org.apache.servicecomb.swagger.invocation.response.consumer.ConsumerResponseMapperFactory: org.apache.servicecomb.swagger.invocation.response.ResponseMapperFactorys.lambda$new$0(ResponseMapperFactorys.java:41)
[2018-03-07 11:19:23,460/CST][main][INFO]found factory org.apache.servicecomb.swagger.invocation.springmvc.response.SpringmvcConsumerResponseMapperFactory of org.apache.servicecomb.swagger.invocation.response.consumer.ConsumerResponseMapperFactory: org.apache.servicecomb.swagger.invocation.response.ResponseMapperFactorys.lambda$new$0(ResponseMapperFactorys.java:41)
[2018-03-07 11:19:23,462/CST][main][INFO]found factory org.apache.servicecomb.swagger.invocation.jaxrs.response.JaxrsConsumerResponseMapperFactory of org.apache.servicecomb.swagger.invocation.response.consumer.ConsumerResponseMapperFactory: org.apache.servicecomb.swagger.invocation.response.ResponseMapperFactorys.lambda$new$0(ResponseMapperFactorys.java:41)
[2018-03-07 11:19:23,463/CST][main][INFO]found factory org.apache.servicecomb.swagger.invocation.response.consumer.DefaultConsumerResponseMapperFactory of org.apache.servicecomb.swagger.invocation.response.consumer.ConsumerResponseMapperFactory: org.apache.servicecomb.swagger.invocation.response.ResponseMapperFactorys.lambda$new$0(ResponseMapperFactorys.java:41)
[2018-03-07 11:19:24,087/CST][main][INFO]load microservice config, name=SecondApp, paths=[jar:file:/D:/java/mavenrepos/com/huawei/paas/cse/cse-solution-service-engine/2.3.8/cse-solution-service-engine-2.3.8.jar!/microservice.yaml, file:/C:/Users/bear/Documents/DevProject/JAVA/secondapp/target/classes/microservice.yaml] org.apache.servicecomb.serviceregistry.definition.MicroserviceDefinition.logConfigPath(MicroserviceDefinition.java:142)
[2018-03-07 11:19:24,265/CST][main][INFO]It is running in the normal mode, a separated service registry is required org.apache.servicecomb.serviceregistry.registry.ServiceRegistryFactory.create(ServiceRegistryFactory.java:81)
[2018-03-07 11:19:24,553/CST][main][INFO]executor group 2, thread per group 4. org.apache.servicecomb.core.executor.FixedThreadExecutor.<init>(FixedThreadExecutor.java:54)
[2018-03-07 11:19:25,992/CST][main][WARN]address /0.0.0.0:8081, auto select a host address to publish 192.168.43.238:8081, maybe not the correct one org.apache.servicecomb.serviceregistry.RegistryUtils.genPublishIpPort(RegistryUtils.java:181)
[2018-03-07 11:19:26,004/CST][main][INFO]choose org.apache.servicecomb.transport.rest.vertx.VertxRestTransport for rest. org.apache.servicecomb.core.transport.TransportManager.chooseOneTransport(TransportManager.java:84)
[2018-03-07 11:19:26,009/CST][main][INFO]choose org.apache.servicecomb.transport.highway.HighwayTransport for highway. org.apache.servicecomb.core.transport.TransportManager.chooseOneTransport(TransportManager.java:84)
[2018-03-07 11:19:26,096/CST][transport-vert.x-eventloop-thread-2][INFO]Found HttpServerFilter: org.apache.servicecomb.common.rest.filter.tracing.TracingFilter. org.apache.servicecomb.transport.rest.vertx.AbstractVertxHttpDispatcher.<init>(AbstractVertxHttpDispatcher.java:40)
[2018-03-07 11:19:26,099/CST][transport-vert.x-eventloop-thread-2][INFO]init vertx http dispatcher org.apache.servicecomb.transport.rest.vertx.VertxRestDispatcher org.apache.servicecomb.transport.rest.vertx.RestServerVerticle.initDispatcher(RestServerVerticle.java:95)
[2018-03-07 11:19:26,109/CST][transport-vert.x-eventloop-thread-2][INFO]set uploads directory to null. org.apache.servicecomb.transport.rest.vertx.AbstractVertxHttpDispatcher.createBodyHandler(AbstractVertxHttpDispatcher.java:53)
[2018-03-07 11:19:26,265/CST][transport-vert.x-eventloop-thread-2][INFO]rest listen success. address=0.0.0.0:8081 org.apache.servicecomb.transport.rest.vertx.RestServerVerticle.lambda$startListen$0(RestServerVerticle.java:103)
[2018-03-07 11:19:26,275/CST][main][INFO]endpoint to publish: rest://192.168.43.238:8081 org.apache.servicecomb.core.transport.TransportManager.init(TransportManager.java:58)
[2018-03-07 11:19:26,334/CST][transport-vert.x-eventloop-thread-6][WARN]highway listen address is not configured, will not listen. org.apache.servicecomb.transport.highway.HighwayServerVerticle.startListen(HighwayServerVerticle.java:59)
[2018-03-07 11:19:26,339/CST][main][INFO]running microservice register task. org.apache.servicecomb.serviceregistry.task.MicroserviceRegisterTask.doRegister(MicroserviceRegisterTask.java:57)
[2018-03-07 11:19:31,938/CST][registry-vert.x-eventloop-thread-0][WARN]get response for org.apache.servicecomb.serviceregistry.api.response.GetExistenceResponse failed, 400:Bad Request, {"errorCode":"400012","errorMessage":"Micro-service does not exist","detail":"service does not exist."}
 org.apache.servicecomb.serviceregistry.client.http.ServiceRegistryClientImpl.lambda$null$0(ServiceRegistryClientImpl.java:117)
[2018-03-07 11:19:32,226/CST][main][INFO]Registry Microservice successfully. id=719aad6621b611e8a3610255ac105119 appId=springmvc, name=SecondApp, version=0.0.1, schemaIds=[] org.apache.servicecomb.serviceregistry.task.MicroserviceRegisterTask.doRegister(MicroserviceRegisterTask.java:89)
[2018-03-07 11:19:32,238/CST][main][INFO]read MicroserviceRegisterTask status is FINISHED org.apache.servicecomb.serviceregistry.task.ServiceCenterTask.onRegisterTask(ServiceCenterTask.java:51)
[2018-03-07 11:19:32,240/CST][main][INFO]running microservice instance register task. org.apache.servicecomb.serviceregistry.task.MicroserviceInstanceRegisterTask.doRegister(MicroserviceInstanceRegisterTask.java:59)
[2018-03-07 11:19:32,460/CST][main][INFO]Register microservice instance success. microserviceId=719aad6621b611e8a3610255ac105119 instanceId=71b7835e21b611e8a3610255ac105119 endpoints=[rest://192.168.43.238:8081] lease 120s org.apache.servicecomb.serviceregistry.task.MicroserviceInstanceRegisterTask.doRegister(MicroserviceInstanceRegisterTask.java:77)
[2018-03-07 11:19:32,463/CST][main][INFO]receive MicroserviceInstanceRegisterTask event, check instance Id... org.apache.servicecomb.core.CseApplicationListener$1.afterRegistryInstance(CseApplicationListener.java:170)
[2018-03-07 11:19:32,474/CST][main][INFO]instance registry succeeds for the first time, will send AFTER_REGISTRY event. org.apache.servicecomb.core.CseApplicationListener$1.afterRegistryInstance(CseApplicationListener.java:172)
[2018-03-07 11:19:32,644/CST][main][INFO]find instances[1] from service center success. service=default/CseMonitoring/latest org.apache.servicecomb.serviceregistry.registry.AbstractServiceRegistry.findServiceInstances(AbstractServiceRegistry.java:234)
[2018-03-07 11:19:32,645/CST][main][INFO]service id=009918c41d6111e8ae1a0255ac10550d, instance id=00ae688e1d6111e8ae1a0255ac10550d, endpoints=[rest://100.125.0.198:30109?sslEnabled=true] org.apache.servicecomb.serviceregistry.registry.AbstractServiceRegistry.findServiceInstances(AbstractServiceRegistry.java:240)
[2018-03-07 11:19:32,655/CST][main][INFO]Use the endpoint from ServiceCenter to CSE Monitor!https://100.125.0.198:30109 com.huawei.paas.monitor.MonitorBootListener.onBootEvent(MonitorBootListener.java:42)
[2018-03-07 11:19:32,686/CST][main][INFO]Monitor data sender started. Configured data providers is {com.huawei.paas.monitor.HealthMonitorDataProvider,com.huawei.paas.cse.tcc.upload.TransactionMonitorDataProvider,} com.huawei.paas.monitor.DataFactory.start(DataFactory.java:90)
[2018-03-07 11:19:32,694/CST][main][INFO]read MicroserviceInstanceRegisterTask status is FINISHED org.apache.servicecomb.serviceregistry.task.ServiceCenterTask.onRegisterTask(ServiceCenterTask.java:51)
[2018-03-07 11:19:47,755/CST][monitor-center-vert.x-eventloop-thread-0][ERROR]io.netty.channel.ConnectTimeoutException: connection timed out: /100.125.0.198:30109 io.vertx.core.http.impl.HttpClientRequestBase.handleException(HttpClientRequestBase.java:138)
[2018-03-07 11:20:01,578/CST][main][ERROR]Can not output merged.log4j.properties,because can not write to directory of file file:/D:/java/mavenrepos/org/apache/servicecomb/transport-rest-vertx/0.5.0.B019/transport-rest-vertx-0.5.0.B019.jar!/config/base/log4j.properties org.apache.servicecomb.foundation.common.utils.Log4jUtils.outputFile(Log4jUtils.java:95)
[2018-03-07 11:20:01,686/CST][main][INFO]Refreshing org.springframework.context.support.ClassPathXmlApplicationContext@64616ca2: startup date [Wed Mar 07 11:20:01 CST 2018]; root of context hierarchy org.springframework.context.support.AbstractApplicationContext.prepareRefresh(AbstractApplicationContext.java:582)
[2018-03-07 11:20:01,843/CST][main][INFO]Loading XML bean definitions from URL [jar:file:/D:/java/mavenrepos/com/huawei/paas/cse/foundation-auth/2.3.8/foundation-auth-2.3.8.jar!/META-INF/spring/auth.bean.xml] org.springframework.beans.factory.xml.XmlBeanDefinitionReader.loadBeanDefinitions(XmlBeanDefinitionReader.java:317)
[2018-03-07 11:20:02,080/CST][main][INFO]Loading XML bean definitions from URL [jar:file:/D:/java/mavenrepos/org/apache/servicecomb/foundation-common/0.5.0.B019/foundation-common-0.5.0.B019.jar!/META-INF/spring/common.bean.xml] org.springframework.beans.factory.xml.XmlBeanDefinitionReader.loadBeanDefinitions(XmlBeanDefinitionReader.java:317)
[2018-03-07 11:20:02,170/CST][main][INFO]Loading XML bean definitions from URL [jar:file:/D:/java/mavenrepos/org/apache/servicecomb/foundation-config/0.5.0.B019/foundation-config-0.5.0.B019.jar!/META-INF/spring/cse.bean.xml] org.springframework.beans.factory.xml.XmlBeanDefinitionReader.loadBeanDefinitions(XmlBeanDefinitionReader.java:317)
[2018-03-07 11:20:02,246/CST][main][INFO]Loading XML bean definitions from URL [jar:file:/D:/java/mavenrepos/org/apache/servicecomb/foundation-vertx/0.5.0.B019/foundation-vertx-0.5.0.B019.jar!/META-INF/spring/cse.bean.xml] org.springframework.beans.factory.xml.XmlBeanDefinitionReader.loadBeanDefinitions(XmlBeanDefinitionReader.java:317)
[2018-03-07 11:20:02,302/CST][main][INFO]Loading XML bean definitions from URL [jar:file:/D:/java/mavenrepos/org/apache/servicecomb/java-chassis-core/0.5.0.B019/java-chassis-core-0.5.0.B019.jar!/META-INF/spring/cse.bean.xml] org.springframework.beans.factory.xml.XmlBeanDefinitionReader.loadBeanDefinitions(XmlBeanDefinitionReader.java:317)
[2018-03-07 11:20:04,618/CST][main][INFO]Loading XML bean definitions from URL [jar:file:/D:/java/mavenrepos/org/apache/servicecomb/foundation-metrics/0.5.0.B019/foundation-metrics-0.5.0.B019.jar!/META-INF/spring/metrics.bean.xml] org.springframework.beans.factory.xml.XmlBeanDefinitionReader.loadBeanDefinitions(XmlBeanDefinitionReader.java:317)
[2018-03-07 11:20:04,709/CST][main][INFO]Loading XML bean definitions from URL [jar:file:/D:/java/mavenrepos/org/apache/servicecomb/transport-rest-client/0.5.0.B019/transport-rest-client-0.5.0.B019.jar!/META-INF/spring/cse.transport.rest.bean.xml] org.springframework.beans.factory.xml.XmlBeanDefinitionReader.loadBeanDefinitions(XmlBeanDefinitionReader.java:317)
[2018-03-07 11:20:04,738/CST][main][INFO]Loading XML bean definitions from URL [jar:file:/D:/java/mavenrepos/org/apache/servicecomb/handler-bizkeeper/0.5.0.B019/handler-bizkeeper-0.5.0.B019.jar!/META-INF/spring/cse.bean.xml] org.springframework.beans.factory.xml.XmlBeanDefinitionReader.loadBeanDefinitions(XmlBeanDefinitionReader.java:317)
[2018-03-07 11:20:04,803/CST][main][INFO]Loading XML bean definitions from URL [jar:file:/D:/java/mavenrepos/org/apache/servicecomb/handler-loadbalance/0.5.0.B019/handler-loadbalance-0.5.0.B019.jar!/META-INF/spring/cse.bean.xml] org.springframework.beans.factory.xml.XmlBeanDefinitionReader.loadBeanDefinitions(XmlBeanDefinitionReader.java:317)
[2018-03-07 11:20:04,895/CST][main][INFO]Loading XML bean definitions from URL [jar:file:/D:/java/mavenrepos/com/huawei/paas/cse/cse-handler-cloud-extension/2.3.8/cse-handler-cloud-extension-2.3.8.jar!/META-INF/spring/services.bean.xml] org.springframework.beans.factory.xml.XmlBeanDefinitionReader.loadBeanDefinitions(XmlBeanDefinitionReader.java:317)
[2018-03-07 11:20:04,965/CST][main][INFO]Loading XML bean definitions from URL [jar:file:/D:/java/mavenrepos/com/huawei/paas/cse/cse-handler-tcc/2.3.8/cse-handler-tcc-2.3.8.jar!/META-INF/spring/cse.tcc.bean.xml] org.springframework.beans.factory.xml.XmlBeanDefinitionReader.loadBeanDefinitions(XmlBeanDefinitionReader.java:317)
[2018-03-07 11:20:06,054/CST][main][WARN]No URLs will be polled as dynamic configuration sources. com.netflix.config.sources.URLConfigurationSource.<init>(URLConfigurationSource.java:121)
[2018-03-07 11:20:06,055/CST][main][INFO]To enable URLs as dynamic configuration sources, define System property archaius.configurationSource.additionalUrls or make config.properties available on classpath. com.netflix.config.sources.URLConfigurationSource.<init>(URLConfigurationSource.java:122)
[2018-03-07 11:20:06,078/CST][main][INFO]create dynamic config: org.apache.servicecomb.config.ConfigUtil.createDynamicConfig(ConfigUtil.java:171)
[2018-03-07 11:20:06,258/CST][main][INFO]create local config: org.apache.servicecomb.config.ConfigUtil.createLocalConfig(ConfigUtil.java:89)
[2018-03-07 11:20:06,267/CST][main][INFO] jar:file:/D:/java/mavenrepos/com/huawei/paas/cse/cse-solution-service-engine/2.3.8/cse-solution-service-engine-2.3.8.jar!/microservice.yaml. org.apache.servicecomb.config.ConfigUtil.createLocalConfig(ConfigUtil.java:91)
[2018-03-07 11:20:06,270/CST][main][INFO] file:/C:/Users/bear/Documents/DevProject/JAVA/secondapp/target/classes/microservice.yaml. org.apache.servicecomb.config.ConfigUtil.createLocalConfig(ConfigUtil.java:91)
[2018-03-07 11:20:06,358/CST][main][INFO]get the SPI service success, the extend service is: class org.apache.servicecomb.config.archaius.sources.ConfigCenterConfigurationSourceImpl org.apache.servicecomb.foundation.common.utils.SPIServiceUtils.getTargetService(SPIServiceUtils.java:51)
[2018-03-07 11:20:08,743/CST][config-center-vert.x-eventloop-thread-0][INFO]add network interface name:wlan4,host address:192.168.43.238 org.apache.servicecomb.foundation.common.net.NetUtils.doGetIpv4AddressFromNetworkInterface(NetUtils.java:114)
[2018-03-07 11:20:09,048/CST][config-center-vert.x-eventloop-thread-0][INFO]add host name from localhost:bearsurface,host address:192.168.43.238 org.apache.servicecomb.foundation.common.net.NetUtils.<clinit>(NetUtils.java:72)
[2018-03-07 11:20:09,143/CST][main][INFO]JSR-330 'javax.inject.Inject' annotation found and supported for autowiring org.springframework.beans.factory.annotation.AutowiredAnnotationBeanPostProcessor.<init>(AutowiredAnnotationBeanPostProcessor.java:155)
[2018-03-07 11:20:09,169/CST][config-center-vert.x-eventloop-thread-0][INFO]add ak/sk cipher default com.huawei.paas.foundation.auth.credentials.AKSKManager.lambda$static$0(AKSKManager.java:41)
[2018-03-07 11:20:09,171/CST][config-center-vert.x-eventloop-thread-0][INFO]add ak/sk cipher security com.huawei.paas.foundation.auth.credentials.AKSKManager.lambda$static$0(AKSKManager.java:41)
[2018-03-07 11:20:09,174/CST][config-center-vert.x-eventloop-thread-0][INFO]read ak/sk from microservice.yaml. com.huawei.paas.foundation.auth.credentials.AKSKOption.buildFromYaml(AKSKOption.java:153)
[2018-03-07 11:20:10,632/CST][vertx-blocked-thread-checker][WARN]Thread Thread[config-center-vert.x-eventloop-thread-0,5,main] has been blocked for 2421 ms, time limit is 2000 io.vertx.core.impl.BlockedThreadChecker$1.run(BlockedThreadChecker.java:53)
[2018-03-07 11:20:11,587/CST][main][INFO]Found swagger generator context: org.apache.servicecomb.swagger.generator.springmvc.SpringmvcSwaggerGeneratorContext org.apache.servicecomb.swagger.generator.core.CompositeSwaggerGeneratorContext.<init>(CompositeSwaggerGeneratorContext.java:39)
[2018-03-07 11:20:11,589/CST][main][INFO]Found swagger generator context: org.apache.servicecomb.swagger.generator.jaxrs.JaxrsSwaggerGeneratorContext org.apache.servicecomb.swagger.generator.core.CompositeSwaggerGeneratorContext.<init>(CompositeSwaggerGeneratorContext.java:39)
[2018-03-07 11:20:11,590/CST][main][INFO]Found swagger generator context: org.apache.servicecomb.swagger.generator.pojo.PojoSwaggerGeneratorContext org.apache.servicecomb.swagger.generator.core.CompositeSwaggerGeneratorContext.<init>(CompositeSwaggerGeneratorContext.java:39)
[2018-03-07 11:20:11,734/CST][main][INFO]found factory org.apache.servicecomb.swagger.invocation.response.producer.CseResponseProducerResponseMapperFactory of org.apache.servicecomb.swagger.invocation.response.producer.ProducerResponseMapperFactory: org.apache.servicecomb.swagger.invocation.response.ResponseMapperFactorys.lambda$new$0(ResponseMapperFactorys.java:41)
[2018-03-07 11:20:11,736/CST][main][INFO]found factory org.apache.servicecomb.swagger.invocation.response.producer.CompletableFutureProducerResponseMapperFactory of org.apache.servicecomb.swagger.invocation.response.producer.ProducerResponseMapperFactory: org.apache.servicecomb.swagger.invocation.response.ResponseMapperFactorys.lambda$new$0(ResponseMapperFactorys.java:41)
[2018-03-07 11:20:11,738/CST][main][INFO]found factory org.apache.servicecomb.swagger.invocation.springmvc.response.SpringmvcProducerResponseMapperFactory of org.apache.servicecomb.swagger.invocation.response.producer.ProducerResponseMapperFactory: org.apache.servicecomb.swagger.invocation.response.ResponseMapperFactorys.lambda$new$0(ResponseMapperFactorys.java:41)
[2018-03-07 11:20:11,739/CST][main][INFO]found factory org.apache.servicecomb.swagger.invocation.jaxrs.response.JaxrsProducerResponseMapperFactory of org.apache.servicecomb.swagger.invocation.response.producer.ProducerResponseMapperFactory: org.apache.servicecomb.swagger.invocation.response.ResponseMapperFactorys.lambda$new$0(ResponseMapperFactorys.java:41)
[2018-03-07 11:20:11,740/CST][main][INFO]found factory org.apache.servicecomb.swagger.invocation.response.producer.DefaultProducerResponseMapperFactory of org.apache.servicecomb.swagger.invocation.response.producer.ProducerResponseMapperFactory: org.apache.servicecomb.swagger.invocation.response.ResponseMapperFactorys.lambda$new$0(ResponseMapperFactorys.java:41)
[2018-03-07 11:20:11,756/CST][main][INFO]found factory org.apache.servicecomb.swagger.invocation.response.consumer.CseResponseConsumerResponseMapperFactory of org.apache.servicecomb.swagger.invocation.response.consumer.ConsumerResponseMapperFactory: org.apache.servicecomb.swagger.invocation.response.ResponseMapperFactorys.lambda$new$0(ResponseMapperFactorys.java:41)
[2018-03-07 11:20:11,758/CST][main][INFO]found factory org.apache.servicecomb.swagger.invocation.response.consumer.CompletableFutureConsumerResponseMapperFactory of org.apache.servicecomb.swagger.invocation.response.consumer.ConsumerResponseMapperFactory: org.apache.servicecomb.swagger.invocation.response.ResponseMapperFactorys.lambda$new$0(ResponseMapperFactorys.java:41)
[2018-03-07 11:20:11,759/CST][main][INFO]found factory org.apache.servicecomb.swagger.invocation.springmvc.response.SpringmvcConsumerResponseMapperFactory of org.apache.servicecomb.swagger.invocation.response.consumer.ConsumerResponseMapperFactory: org.apache.servicecomb.swagger.invocation.response.ResponseMapperFactorys.lambda$new$0(ResponseMapperFactorys.java:41)
[2018-03-07 11:20:11,760/CST][main][INFO]found factory org.apache.servicecomb.swagger.invocation.jaxrs.response.JaxrsConsumerResponseMapperFactory of org.apache.servicecomb.swagger.invocation.response.consumer.ConsumerResponseMapperFactory: org.apache.servicecomb.swagger.invocation.response.ResponseMapperFactorys.lambda$new$0(ResponseMapperFactorys.java:41)
[2018-03-07 11:20:11,771/CST][main][INFO]found factory org.apache.servicecomb.swagger.invocation.response.consumer.DefaultConsumerResponseMapperFactory of org.apache.servicecomb.swagger.invocation.response.consumer.ConsumerResponseMapperFactory: org.apache.servicecomb.swagger.invocation.response.ResponseMapperFactorys.lambda$new$0(ResponseMapperFactorys.java:41)
[2018-03-07 11:20:12,178/CST][main][INFO]load microservice config, name=SecondApp, paths=[jar:file:/D:/java/mavenrepos/com/huawei/paas/cse/cse-solution-service-engine/2.3.8/cse-solution-service-engine-2.3.8.jar!/microservice.yaml, file:/C:/Users/bear/Documents/DevProject/JAVA/secondapp/target/classes/microservice.yaml] org.apache.servicecomb.serviceregistry.definition.MicroserviceDefinition.logConfigPath(MicroserviceDefinition.java:142)
[2018-03-07 11:20:12,343/CST][main][INFO]It is running in the normal mode, a separated service registry is required org.apache.servicecomb.serviceregistry.registry.ServiceRegistryFactory.create(ServiceRegistryFactory.java:81)
[2018-03-07 11:20:12,502/CST][main][INFO]executor group 2, thread per group 4. org.apache.servicecomb.core.executor.FixedThreadExecutor.<init>(FixedThreadExecutor.java:54)
[2018-03-07 11:20:13,616/CST][main][WARN]address /0.0.0.0:8081, auto select a host address to publish 192.168.43.238:8081, maybe not the correct one org.apache.servicecomb.serviceregistry.RegistryUtils.genPublishIpPort(RegistryUtils.java:181)
[2018-03-07 11:20:13,634/CST][main][INFO]choose org.apache.servicecomb.transport.rest.vertx.VertxRestTransport for rest. org.apache.servicecomb.core.transport.TransportManager.chooseOneTransport(TransportManager.java:84)
[2018-03-07 11:20:13,641/CST][main][INFO]choose org.apache.servicecomb.transport.highway.HighwayTransport for highway. org.apache.servicecomb.core.transport.TransportManager.chooseOneTransport(TransportManager.java:84)
[2018-03-07 11:20:13,739/CST][transport-vert.x-eventloop-thread-2][INFO]Found HttpServerFilter: org.apache.servicecomb.common.rest.filter.tracing.TracingFilter. org.apache.servicecomb.transport.rest.vertx.AbstractVertxHttpDispatcher.<init>(AbstractVertxHttpDispatcher.java:40)
[2018-03-07 11:20:13,743/CST][transport-vert.x-eventloop-thread-2][INFO]init vertx http dispatcher org.apache.servicecomb.transport.rest.vertx.VertxRestDispatcher org.apache.servicecomb.transport.rest.vertx.RestServerVerticle.initDispatcher(RestServerVerticle.java:95)
[2018-03-07 11:20:13,757/CST][transport-vert.x-eventloop-thread-2][INFO]set uploads directory to null. org.apache.servicecomb.transport.rest.vertx.AbstractVertxHttpDispatcher.createBodyHandler(AbstractVertxHttpDispatcher.java:53)
[2018-03-07 11:20:14,054/CST][transport-vert.x-eventloop-thread-2][INFO]rest listen success. address=0.0.0.0:8081 org.apache.servicecomb.transport.rest.vertx.RestServerVerticle.lambda$startListen$0(RestServerVerticle.java:103)
[2018-03-07 11:20:14,098/CST][main][INFO]endpoint to publish: rest://192.168.43.238:8081 org.apache.servicecomb.core.transport.TransportManager.init(TransportManager.java:58)
[2018-03-07 11:20:14,340/CST][transport-vert.x-eventloop-thread-6][WARN]highway listen address is not configured, will not listen. org.apache.servicecomb.transport.highway.HighwayServerVerticle.startListen(HighwayServerVerticle.java:59)
[2018-03-07 11:20:14,346/CST][main][INFO]running microservice register task. org.apache.servicecomb.serviceregistry.task.MicroserviceRegisterTask.doRegister(MicroserviceRegisterTask.java:57)
[2018-03-07 11:20:20,123/CST][main][INFO]Microservice exists in service center, no need to register. id=719aad6621b611e8a3610255ac105119 appId=springmvc, name=SecondApp, version=0.0.1 org.apache.servicecomb.serviceregistry.task.MicroserviceRegisterTask.doRegister(MicroserviceRegisterTask.java:64)
[2018-03-07 11:20:20,280/CST][main][INFO]SchemaIds is equals to service center. id=719aad6621b611e8a3610255ac105119 appId=springmvc, name=SecondApp, version=0.0.1, schemaIds=[] org.apache.servicecomb.serviceregistry.task.MicroserviceRegisterTask.checkSchemaIdSet(MicroserviceRegisterTask.java:127)
[2018-03-07 11:20:20,287/CST][main][INFO]read MicroserviceRegisterTask status is FINISHED org.apache.servicecomb.serviceregistry.task.ServiceCenterTask.onRegisterTask(ServiceCenterTask.java:51)
[2018-03-07 11:20:20,288/CST][main][INFO]running microservice instance register task. org.apache.servicecomb.serviceregistry.task.MicroserviceInstanceRegisterTask.doRegister(MicroserviceInstanceRegisterTask.java:59)
[2018-03-07 11:20:20,538/CST][main][INFO]Register microservice instance success. microserviceId=719aad6621b611e8a3610255ac105119 instanceId=71b7835e21b611e8a3610255ac105119 endpoints=[rest://192.168.43.238:8081] lease 120s org.apache.servicecomb.serviceregistry.task.MicroserviceInstanceRegisterTask.doRegister(MicroserviceInstanceRegisterTask.java:77)
[2018-03-07 11:20:20,539/CST][main][INFO]receive MicroserviceInstanceRegisterTask event, check instance Id... org.apache.servicecomb.core.CseApplicationListener$1.afterRegistryInstance(CseApplicationListener.java:170)
[2018-03-07 11:20:20,543/CST][main][INFO]instance registry succeeds for the first time, will send AFTER_REGISTRY event. org.apache.servicecomb.core.CseApplicationListener$1.afterRegistryInstance(CseApplicationListener.java:172)
[2018-03-07 11:20:20,683/CST][main][INFO]find instances[1] from service center success. service=default/CseMonitoring/latest org.apache.servicecomb.serviceregistry.registry.AbstractServiceRegistry.findServiceInstances(AbstractServiceRegistry.java:234)
[2018-03-07 11:20:20,684/CST][main][INFO]service id=009918c41d6111e8ae1a0255ac10550d, instance id=00ae688e1d6111e8ae1a0255ac10550d, endpoints=[rest://100.125.0.198:30109?sslEnabled=true] org.apache.servicecomb.serviceregistry.registry.AbstractServiceRegistry.findServiceInstances(AbstractServiceRegistry.java:240)
[2018-03-07 11:20:20,696/CST][main][INFO]Use the endpoint from ServiceCenter to CSE Monitor!https://100.125.0.198:30109 com.huawei.paas.monitor.MonitorBootListener.onBootEvent(MonitorBootListener.java:42)
[2018-03-07 11:20:20,789/CST][main][INFO]Monitor data sender started. Configured data providers is {com.huawei.paas.monitor.HealthMonitorDataProvider,com.huawei.paas.cse.tcc.upload.TransactionMonitorDataProvider,} com.huawei.paas.monitor.DataFactory.start(DataFactory.java:90)
[2018-03-07 11:20:20,801/CST][main][INFO]read MicroserviceInstanceRegisterTask status is FINISHED org.apache.servicecomb.serviceregistry.task.ServiceCenterTask.onRegisterTask(ServiceCenterTask.java:51)
[2018-03-07 11:20:35,858/CST][monitor-center-vert.x-eventloop-thread-0][ERROR]io.netty.channel.ConnectTimeoutException: connection timed out: /100.125.0.198:30109 io.vertx.core.http.impl.HttpClientRequestBase.handleException(HttpClientRequestBase.java:138)
[2018-03-07 11:20:45,849/CST][monitor-center-vert.x-eventloop-thread-0][ERROR]io.netty.channel.ConnectTimeoutException: connection timed out: /100.125.0.198:30109 io.vertx.core.http.impl.HttpClientRequestBase.handleException(HttpClientRequestBase.java:138)
[2018-03-07 11:20:51,012/CST][transport-vert.x-eventloop-thread-2][ERROR]No schema defined for springmvc:SecondApp. org.apache.servicecomb.common.rest.AbstractRestInvocation.findRestOperation(AbstractRestInvocation.java:77)
[2018-03-07 11:20:51,016/CST][Service Center Task][WARN]sc task interval changed from -1 to 30 org.apache.servicecomb.serviceregistry.task.ServiceCenterTaskMonitor.beginCycle(ServiceCenterTaskMonitor.java:39)
[2018-03-07 11:20:54,445/CST][transport-vert.x-eventloop-thread-2][ERROR]No schema defined for springmvc:SecondApp. org.apache.servicecomb.common.rest.AbstractRestInvocation.findRestOperation(AbstractRestInvocation.java:77)
[2018-03-07 11:20:55,850/CST][monitor-center-vert.x-eventloop-thread-0][ERROR]io.netty.channel.ConnectTimeoutException: connection timed out: /100.125.0.198:30109 io.vertx.core.http.impl.HttpClientRequestBase.handleException(HttpClientRequestBase.java:138)
[2018-03-07 11:21:05,852/CST][monitor-center-vert.x-eventloop-thread-0][ERROR]io.netty.channel.ConnectTimeoutException: connection timed out: /100.125.0.198:30109 io.vertx.core.http.impl.HttpClientRequestBase.handleException(HttpClientRequestBase.java:138)
[2018-03-07 11:21:11,946/CST][transport-vert.x-eventloop-thread-2][ERROR]No schema defined for springmvc:SecondApp. org.apache.servicecomb.common.rest.AbstractRestInvocation.findRestOperation(AbstractRestInvocation.java:77)
[2018-03-07 11:21:15,866/CST][monitor-center-vert.x-eventloop-thread-0][ERROR]io.netty.channel.ConnectTimeoutException: connection timed out: /100.125.0.198:30109 io.vertx.core.http.impl.HttpClientRequestBase.handleException(HttpClientRequestBase.java:138)
[2018-03-07 11:23:53,621/CST][main][ERROR]Can not output merged.log4j.properties,because can not write to directory of file file:/D:/java/mavenrepos/org/apache/servicecomb/transport-rest-vertx/0.5.0.B019/transport-rest-vertx-0.5.0.B019.jar!/config/base/log4j.properties org.apache.servicecomb.foundation.common.utils.Log4jUtils.outputFile(Log4jUtils.java:95)
[2018-03-07 11:23:53,754/CST][main][INFO]Refreshing org.springframework.context.support.ClassPathXmlApplicationContext@64616ca2: startup date [Wed Mar 07 11:23:53 CST 2018]; root of context hierarchy org.springframework.context.support.AbstractApplicationContext.prepareRefresh(AbstractApplicationContext.java:582)
[2018-03-07 11:23:53,926/CST][main][INFO]Loading XML bean definitions from URL [jar:file:/D:/java/mavenrepos/com/huawei/paas/cse/foundation-auth/2.3.8/foundation-auth-2.3.8.jar!/META-INF/spring/auth.bean.xml] org.springframework.beans.factory.xml.XmlBeanDefinitionReader.loadBeanDefinitions(XmlBeanDefinitionReader.java:317)
[2018-03-07 11:23:54,271/CST][main][INFO]Loading XML bean definitions from URL [jar:file:/D:/java/mavenrepos/org/apache/servicecomb/foundation-common/0.5.0.B019/foundation-common-0.5.0.B019.jar!/META-INF/spring/common.bean.xml] org.springframework.beans.factory.xml.XmlBeanDefinitionReader.loadBeanDefinitions(XmlBeanDefinitionReader.java:317)
[2018-03-07 11:23:54,320/CST][main][INFO]Loading XML bean definitions from URL [jar:file:/D:/java/mavenrepos/org/apache/servicecomb/foundation-config/0.5.0.B019/foundation-config-0.5.0.B019.jar!/META-INF/spring/cse.bean.xml] org.springframework.beans.factory.xml.XmlBeanDefinitionReader.loadBeanDefinitions(XmlBeanDefinitionReader.java:317)
[2018-03-07 11:23:54,415/CST][main][INFO]Loading XML bean definitions from URL [jar:file:/D:/java/mavenrepos/org/apache/servicecomb/foundation-vertx/0.5.0.B019/foundation-vertx-0.5.0.B019.jar!/META-INF/spring/cse.bean.xml] org.springframework.beans.factory.xml.XmlBeanDefinitionReader.loadBeanDefinitions(XmlBeanDefinitionReader.java:317)
[2018-03-07 11:23:54,495/CST][main][INFO]Loading XML bean definitions from URL [jar:file:/D:/java/mavenrepos/org/apache/servicecomb/java-chassis-core/0.5.0.B019/java-chassis-core-0.5.0.B019.jar!/META-INF/spring/cse.bean.xml] org.springframework.beans.factory.xml.XmlBeanDefinitionReader.loadBeanDefinitions(XmlBeanDefinitionReader.java:317)
[2018-03-07 11:23:56,509/CST][main][INFO]Loading XML bean definitions from URL [jar:file:/D:/java/mavenrepos/org/apache/servicecomb/foundation-metrics/0.5.0.B019/foundation-metrics-0.5.0.B019.jar!/META-INF/spring/metrics.bean.xml] org.springframework.beans.factory.xml.XmlBeanDefinitionReader.loadBeanDefinitions(XmlBeanDefinitionReader.java:317)
[2018-03-07 11:23:56,687/CST][main][INFO]Loading XML bean definitions from URL [jar:file:/D:/java/mavenrepos/org/apache/servicecomb/transport-rest-client/0.5.0.B019/transport-rest-client-0.5.0.B019.jar!/META-INF/spring/cse.transport.rest.bean.xml] org.springframework.beans.factory.xml.XmlBeanDefinitionReader.loadBeanDefinitions(XmlBeanDefinitionReader.java:317)
[2018-03-07 11:23:56,837/CST][main][INFO]Loading XML bean definitions from URL [jar:file:/D:/java/mavenrepos/org/apache/servicecomb/handler-bizkeeper/0.5.0.B019/handler-bizkeeper-0.5.0.B019.jar!/META-INF/spring/cse.bean.xml] org.springframework.beans.factory.xml.XmlBeanDefinitionReader.loadBeanDefinitions(XmlBeanDefinitionReader.java:317)
[2018-03-07 11:23:57,345/CST][main][INFO]Loading XML bean definitions from URL [jar:file:/D:/java/mavenrepos/org/apache/servicecomb/handler-loadbalance/0.5.0.B019/handler-loadbalance-0.5.0.B019.jar!/META-INF/spring/cse.bean.xml] org.springframework.beans.factory.xml.XmlBeanDefinitionReader.loadBeanDefinitions(XmlBeanDefinitionReader.java:317)
[2018-03-07 11:23:57,553/CST][main][INFO]Loading XML bean definitions from URL [jar:file:/D:/java/mavenrepos/com/huawei/paas/cse/cse-handler-cloud-extension/2.3.8/cse-handler-cloud-extension-2.3.8.jar!/META-INF/spring/services.bean.xml] org.springframework.beans.factory.xml.XmlBeanDefinitionReader.loadBeanDefinitions(XmlBeanDefinitionReader.java:317)
[2018-03-07 11:23:57,582/CST][main][INFO]Loading XML bean definitions from URL [jar:file:/D:/java/mavenrepos/com/huawei/paas/cse/cse-handler-tcc/2.3.8/cse-handler-tcc-2.3.8.jar!/META-INF/spring/cse.tcc.bean.xml] org.springframework.beans.factory.xml.XmlBeanDefinitionReader.loadBeanDefinitions(XmlBeanDefinitionReader.java:317)
[2018-03-07 11:23:58,423/CST][main][WARN]No URLs will be polled as dynamic configuration sources. com.netflix.config.sources.URLConfigurationSource.<init>(URLConfigurationSource.java:121)
[2018-03-07 11:23:58,425/CST][main][INFO]To enable URLs as dynamic configuration sources, define System property archaius.configurationSource.additionalUrls or make config.properties available on classpath. com.netflix.config.sources.URLConfigurationSource.<init>(URLConfigurationSource.java:122)
[2018-03-07 11:23:58,448/CST][main][INFO]create dynamic config: org.apache.servicecomb.config.ConfigUtil.createDynamicConfig(ConfigUtil.java:171)
[2018-03-07 11:23:58,714/CST][main][INFO]create local config: org.apache.servicecomb.config.ConfigUtil.createLocalConfig(ConfigUtil.java:89)
[2018-03-07 11:23:58,715/CST][main][INFO] jar:file:/D:/java/mavenrepos/com/huawei/paas/cse/cse-solution-service-engine/2.3.8/cse-solution-service-engine-2.3.8.jar!/microservice.yaml. org.apache.servicecomb.config.ConfigUtil.createLocalConfig(ConfigUtil.java:91)
[2018-03-07 11:23:58,716/CST][main][INFO] file:/C:/Users/bear/Documents/DevProject/JAVA/secondapp/target/classes/microservice.yaml. org.apache.servicecomb.config.ConfigUtil.createLocalConfig(ConfigUtil.java:91)
[2018-03-07 11:23:58,810/CST][main][INFO]get the SPI service success, the extend service is: class org.apache.servicecomb.config.archaius.sources.ConfigCenterConfigurationSourceImpl org.apache.servicecomb.foundation.common.utils.SPIServiceUtils.getTargetService(SPIServiceUtils.java:51)
[2018-03-07 11:24:01,699/CST][config-center-vert.x-eventloop-thread-0][INFO]add network interface name:wlan4,host address:192.168.43.238 org.apache.servicecomb.foundation.common.net.NetUtils.doGetIpv4AddressFromNetworkInterface(NetUtils.java:114)
[2018-03-07 11:24:01,905/CST][main][INFO]JSR-330 'javax.inject.Inject' annotation found and supported for autowiring org.springframework.beans.factory.annotation.AutowiredAnnotationBeanPostProcessor.<init>(AutowiredAnnotationBeanPostProcessor.java:155)
[2018-03-07 11:24:02,004/CST][config-center-vert.x-eventloop-thread-0][INFO]add host name from localhost:bearsurface,host address:192.168.43.238 org.apache.servicecomb.foundation.common.net.NetUtils.<clinit>(NetUtils.java:72)
[2018-03-07 11:24:02,136/CST][config-center-vert.x-eventloop-thread-0][INFO]add ak/sk cipher default com.huawei.paas.foundation.auth.credentials.AKSKManager.lambda$static$0(AKSKManager.java:41)
[2018-03-07 11:24:02,138/CST][config-center-vert.x-eventloop-thread-0][INFO]add ak/sk cipher security com.huawei.paas.foundation.auth.credentials.AKSKManager.lambda$static$0(AKSKManager.java:41)
[2018-03-07 11:24:02,140/CST][config-center-vert.x-eventloop-thread-0][INFO]read ak/sk from microservice.yaml. com.huawei.paas.foundation.auth.credentials.AKSKOption.buildFromYaml(AKSKOption.java:153)
[2018-03-07 11:24:03,712/CST][main][INFO]Found swagger generator context: org.apache.servicecomb.swagger.generator.springmvc.SpringmvcSwaggerGeneratorContext org.apache.servicecomb.swagger.generator.core.CompositeSwaggerGeneratorContext.<init>(CompositeSwaggerGeneratorContext.java:39)
[2018-03-07 11:24:03,742/CST][main][INFO]Found swagger generator context: org.apache.servicecomb.swagger.generator.jaxrs.JaxrsSwaggerGeneratorContext org.apache.servicecomb.swagger.generator.core.CompositeSwaggerGeneratorContext.<init>(CompositeSwaggerGeneratorContext.java:39)
[2018-03-07 11:24:03,743/CST][main][INFO]Found swagger generator context: org.apache.servicecomb.swagger.generator.pojo.PojoSwaggerGeneratorContext org.apache.servicecomb.swagger.generator.core.CompositeSwaggerGeneratorContext.<init>(CompositeSwaggerGeneratorContext.java:39)
[2018-03-07 11:24:04,148/CST][main][INFO]found factory org.apache.servicecomb.swagger.invocation.response.producer.CseResponseProducerResponseMapperFactory of org.apache.servicecomb.swagger.invocation.response.producer.ProducerResponseMapperFactory: org.apache.servicecomb.swagger.invocation.response.ResponseMapperFactorys.lambda$new$0(ResponseMapperFactorys.java:41)
[2018-03-07 11:24:04,151/CST][main][INFO]found factory org.apache.servicecomb.swagger.invocation.response.producer.CompletableFutureProducerResponseMapperFactory of org.apache.servicecomb.swagger.invocation.response.producer.ProducerResponseMapperFactory: org.apache.servicecomb.swagger.invocation.response.ResponseMapperFactorys.lambda$new$0(ResponseMapperFactorys.java:41)
[2018-03-07 11:24:04,153/CST][main][INFO]found factory org.apache.servicecomb.swagger.invocation.springmvc.response.SpringmvcProducerResponseMapperFactory of org.apache.servicecomb.swagger.invocation.response.producer.ProducerResponseMapperFactory: org.apache.servicecomb.swagger.invocation.response.ResponseMapperFactorys.lambda$new$0(ResponseMapperFactorys.java:41)
[2018-03-07 11:24:04,154/CST][main][INFO]found factory org.apache.servicecomb.swagger.invocation.jaxrs.response.JaxrsProducerResponseMapperFactory of org.apache.servicecomb.swagger.invocation.response.producer.ProducerResponseMapperFactory: org.apache.servicecomb.swagger.invocation.response.ResponseMapperFactorys.lambda$new$0(ResponseMapperFactorys.java:41)
[2018-03-07 11:24:04,155/CST][main][INFO]found factory org.apache.servicecomb.swagger.invocation.response.producer.DefaultProducerResponseMapperFactory of org.apache.servicecomb.swagger.invocation.response.producer.ProducerResponseMapperFactory: org.apache.servicecomb.swagger.invocation.response.ResponseMapperFactorys.lambda$new$0(ResponseMapperFactorys.java:41)
[2018-03-07 11:24:04,165/CST][main][INFO]found factory org.apache.servicecomb.swagger.invocation.response.consumer.CseResponseConsumerResponseMapperFactory of org.apache.servicecomb.swagger.invocation.response.consumer.ConsumerResponseMapperFactory: org.apache.servicecomb.swagger.invocation.response.ResponseMapperFactorys.lambda$new$0(ResponseMapperFactorys.java:41)
[2018-03-07 11:24:04,166/CST][main][INFO]found factory org.apache.servicecomb.swagger.invocation.response.consumer.CompletableFutureConsumerResponseMapperFactory of org.apache.servicecomb.swagger.invocation.response.consumer.ConsumerResponseMapperFactory: org.apache.servicecomb.swagger.invocation.response.ResponseMapperFactorys.lambda$new$0(ResponseMapperFactorys.java:41)
[2018-03-07 11:24:04,167/CST][main][INFO]found factory org.apache.servicecomb.swagger.invocation.springmvc.response.SpringmvcConsumerResponseMapperFactory of org.apache.servicecomb.swagger.invocation.response.consumer.ConsumerResponseMapperFactory: org.apache.servicecomb.swagger.invocation.response.ResponseMapperFactorys.lambda$new$0(ResponseMapperFactorys.java:41)
[2018-03-07 11:24:04,168/CST][main][INFO]found factory org.apache.servicecomb.swagger.invocation.jaxrs.response.JaxrsConsumerResponseMapperFactory of org.apache.servicecomb.swagger.invocation.response.consumer.ConsumerResponseMapperFactory: org.apache.servicecomb.swagger.invocation.response.ResponseMapperFactorys.lambda$new$0(ResponseMapperFactorys.java:41)
[2018-03-07 11:24:04,170/CST][main][INFO]found factory org.apache.servicecomb.swagger.invocation.response.consumer.DefaultConsumerResponseMapperFactory of org.apache.servicecomb.swagger.invocation.response.consumer.ConsumerResponseMapperFactory: org.apache.servicecomb.swagger.invocation.response.ResponseMapperFactorys.lambda$new$0(ResponseMapperFactorys.java:41)
[2018-03-07 11:24:04,697/CST][main][INFO]load microservice config, name=SecondApp, paths=[jar:file:/D:/java/mavenrepos/com/huawei/paas/cse/cse-solution-service-engine/2.3.8/cse-solution-service-engine-2.3.8.jar!/microservice.yaml, file:/C:/Users/bear/Documents/DevProject/JAVA/secondapp/target/classes/microservice.yaml] org.apache.servicecomb.serviceregistry.definition.MicroserviceDefinition.logConfigPath(MicroserviceDefinition.java:142)
[2018-03-07 11:24:04,824/CST][main][INFO]It is running in the normal mode, a separated service registry is required org.apache.servicecomb.serviceregistry.registry.ServiceRegistryFactory.create(ServiceRegistryFactory.java:81)
[2018-03-07 11:24:05,068/CST][main][INFO]executor group 2, thread per group 4. org.apache.servicecomb.core.executor.FixedThreadExecutor.<init>(FixedThreadExecutor.java:54)
[2018-03-07 11:24:05,920/CST][main][WARN]address /0.0.0.0:8081, auto select a host address to publish 192.168.43.238:8081, maybe not the correct one org.apache.servicecomb.serviceregistry.RegistryUtils.genPublishIpPort(RegistryUtils.java:181)
[2018-03-07 11:24:05,924/CST][main][INFO]choose org.apache.servicecomb.transport.rest.vertx.VertxRestTransport for rest. org.apache.servicecomb.core.transport.TransportManager.chooseOneTransport(TransportManager.java:84)
[2018-03-07 11:24:05,925/CST][main][INFO]choose org.apache.servicecomb.transport.highway.HighwayTransport for highway. org.apache.servicecomb.core.transport.TransportManager.chooseOneTransport(TransportManager.java:84)
[2018-03-07 11:24:05,977/CST][transport-vert.x-eventloop-thread-2][INFO]Found HttpServerFilter: org.apache.servicecomb.common.rest.filter.tracing.TracingFilter. org.apache.servicecomb.transport.rest.vertx.AbstractVertxHttpDispatcher.<init>(AbstractVertxHttpDispatcher.java:40)
[2018-03-07 11:24:05,979/CST][transport-vert.x-eventloop-thread-2][INFO]init vertx http dispatcher org.apache.servicecomb.transport.rest.vertx.VertxRestDispatcher org.apache.servicecomb.transport.rest.vertx.RestServerVerticle.initDispatcher(RestServerVerticle.java:95)
[2018-03-07 11:24:05,986/CST][transport-vert.x-eventloop-thread-2][INFO]set uploads directory to null. org.apache.servicecomb.transport.rest.vertx.AbstractVertxHttpDispatcher.createBodyHandler(AbstractVertxHttpDispatcher.java:53)
[2018-03-07 11:24:06,029/CST][transport-vert.x-eventloop-thread-2][INFO]rest listen success. address=0.0.0.0:8081 org.apache.servicecomb.transport.rest.vertx.RestServerVerticle.lambda$startListen$0(RestServerVerticle.java:103)
[2018-03-07 11:24:06,031/CST][main][INFO]endpoint to publish: rest://192.168.43.238:8081 org.apache.servicecomb.core.transport.TransportManager.init(TransportManager.java:58)
[2018-03-07 11:24:06,086/CST][transport-vert.x-eventloop-thread-6][WARN]highway listen address is not configured, will not listen. org.apache.servicecomb.transport.highway.HighwayServerVerticle.startListen(HighwayServerVerticle.java:59)
[2018-03-07 11:24:06,092/CST][main][INFO]running microservice register task. org.apache.servicecomb.serviceregistry.task.MicroserviceRegisterTask.doRegister(MicroserviceRegisterTask.java:57)
[2018-03-07 11:24:09,632/CST][transport-vert.x-eventloop-thread-2][ERROR]No schema defined for springmvc:SecondApp. org.apache.servicecomb.common.rest.AbstractRestInvocation.findRestOperation(AbstractRestInvocation.java:77)
[2018-03-07 11:24:11,715/CST][main][INFO]Microservice exists in service center, no need to register. id=719aad6621b611e8a3610255ac105119 appId=springmvc, name=SecondApp, version=0.0.1 org.apache.servicecomb.serviceregistry.task.MicroserviceRegisterTask.doRegister(MicroserviceRegisterTask.java:64)
[2018-03-07 11:24:11,918/CST][main][INFO]SchemaIds is equals to service center. id=719aad6621b611e8a3610255ac105119 appId=springmvc, name=SecondApp, version=0.0.1, schemaIds=[] org.apache.servicecomb.serviceregistry.task.MicroserviceRegisterTask.checkSchemaIdSet(MicroserviceRegisterTask.java:127)
[2018-03-07 11:24:11,928/CST][main][INFO]read MicroserviceRegisterTask status is FINISHED org.apache.servicecomb.serviceregistry.task.ServiceCenterTask.onRegisterTask(ServiceCenterTask.java:51)
[2018-03-07 11:24:11,930/CST][main][INFO]running microservice instance register task. org.apache.servicecomb.serviceregistry.task.MicroserviceInstanceRegisterTask.doRegister(MicroserviceInstanceRegisterTask.java:59)
[2018-03-07 11:24:12,148/CST][main][INFO]Register microservice instance success. microserviceId=719aad6621b611e8a3610255ac105119 instanceId=1876691321b711e8915f0255ac10551c endpoints=[rest://192.168.43.238:8081] lease 120s org.apache.servicecomb.serviceregistry.task.MicroserviceInstanceRegisterTask.doRegister(MicroserviceInstanceRegisterTask.java:77)
[2018-03-07 11:24:12,150/CST][main][INFO]receive MicroserviceInstanceRegisterTask event, check instance Id... org.apache.servicecomb.core.CseApplicationListener$1.afterRegistryInstance(CseApplicationListener.java:170)
[2018-03-07 11:24:12,154/CST][main][INFO]instance registry succeeds for the first time, will send AFTER_REGISTRY event. org.apache.servicecomb.core.CseApplicationListener$1.afterRegistryInstance(CseApplicationListener.java:172)
[2018-03-07 11:24:12,285/CST][main][INFO]find instances[1] from service center success. service=default/CseMonitoring/latest org.apache.servicecomb.serviceregistry.registry.AbstractServiceRegistry.findServiceInstances(AbstractServiceRegistry.java:234)
[2018-03-07 11:24:12,308/CST][main][INFO]service id=009918c41d6111e8ae1a0255ac10550d, instance id=00ae688e1d6111e8ae1a0255ac10550d, endpoints=[rest://100.125.0.198:30109?sslEnabled=true] org.apache.servicecomb.serviceregistry.registry.AbstractServiceRegistry.findServiceInstances(AbstractServiceRegistry.java:240)
[2018-03-07 11:24:12,343/CST][main][INFO]Use the endpoint from ServiceCenter to CSE Monitor!https://100.125.0.198:30109 com.huawei.paas.monitor.MonitorBootListener.onBootEvent(MonitorBootListener.java:42)
[2018-03-07 11:24:12,433/CST][main][INFO]Monitor data sender started. Configured data providers is {com.huawei.paas.monitor.HealthMonitorDataProvider,com.huawei.paas.cse.tcc.upload.TransactionMonitorDataProvider,} com.huawei.paas.monitor.DataFactory.start(DataFactory.java:90)
[2018-03-07 11:24:12,451/CST][main][INFO]read MicroserviceInstanceRegisterTask status is FINISHED org.apache.servicecomb.serviceregistry.task.ServiceCenterTask.onRegisterTask(ServiceCenterTask.java:51)
[2018-03-07 11:24:27,484/CST][monitor-center-vert.x-eventloop-thread-0][ERROR]io.netty.channel.ConnectTimeoutException: connection timed out: /100.125.0.198:30109 io.vertx.core.http.impl.HttpClientRequestBase.handleException(HttpClientRequestBase.java:138)
[2018-03-07 11:24:37,480/CST][monitor-center-vert.x-eventloop-thread-0][ERROR]io.netty.channel.ConnectTimeoutException: connection timed out: /100.125.0.198:30109 io.vertx.core.http.impl.HttpClientRequestBase.handleException(HttpClientRequestBase.java:138)
[2018-03-07 11:24:42,586/CST][Service Center Task][WARN]sc task interval changed from -1 to 30 org.apache.servicecomb.serviceregistry.task.ServiceCenterTaskMonitor.beginCycle(ServiceCenterTaskMonitor.java:39)
[2018-03-07 11:24:47,484/CST][monitor-center-vert.x-eventloop-thread-0][ERROR]io.netty.channel.ConnectTimeoutException: connection timed out: /100.125.0.198:30109 io.vertx.core.http.impl.HttpClientRequestBase.handleException(HttpClientRequestBase.java:138)
[2018-03-07 11:24:57,488/CST][monitor-center-vert.x-eventloop-thread-0][ERROR]io.netty.channel.ConnectTimeoutException: connection timed out: /100.125.0.198:30109 io.vertx.core.http.impl.HttpClientRequestBase.handleException(HttpClientRequestBase.java:138)
[2018-03-07 11:25:07,490/CST][monitor-center-vert.x-eventloop-thread-0][ERROR]io.netty.channel.ConnectTimeoutException: connection timed out: /100.125.0.198:30109 io.vertx.core.http.impl.HttpClientRequestBase.handleException(HttpClientRequestBase.java:138)
[2018-03-07 11:25:17,491/CST][monitor-center-vert.x-eventloop-thread-0][ERROR]io.netty.channel.ConnectTimeoutException: connection timed out: /100.125.0.198:30109 io.vertx.core.http.impl.HttpClientRequestBase.handleException(HttpClientRequestBase.java:138)
